<?xml version="1.0" encoding="UTF-8"?>
<!-- Generated by org.testng.reporters.JUnitReportReporter -->
<testsuite hostname="LAPTOP-QFL2FJJH" failures="0" tests="1" name="Java.Jdbc.connectToDataBase" time="0.226" errors="0" timestamp="04 Sep 2021 11:22:47 GMT" skipped="0">
  <testcase classname="Java.Jdbc.connectToDataBase" name="connectDB" time="0.226"/>
</testsuite> <!-- Java.Jdbc.connectToDataBase -->
